<?xml version="1.0" encoding="UTF-8"?>
<!-- Generated by org.testng.reporters.JUnitReportReporter -->
<testsuite hostname="LAPTOP-QBOV2E4Q" failures="0" tests="1" name="Testcases.TC2_Products" time="0.089" errors="0" timestamp="2025-06-10T18:32:49 GST" skipped="0">
  <testcase classname="Testcases.TC2_Products" name="Check_Click_AddCartBtn_Sauce_Labs_Bike_Light" time="0.089"/>
</testsuite> <!-- Testcases.TC2_Products -->
