<?xml version="1.0" encoding="UTF-8"?>
<!-- Generated by org.testng.reporters.JUnitReportReporter -->
<testsuite hostname="LAPTOP-QBOV2E4Q" failures="0" tests="1" name="Testcases.TC03_YourCartPage" time="0.051" errors="0" timestamp="2025-06-10T18:32:49 GST" skipped="0">
  <testcase classname="Testcases.TC03_YourCartPage" name="Click_CheckOutFromYourCart" time="0.051"/>
</testsuite> <!-- Testcases.TC03_YourCartPage -->
