<?xml version="1.0" encoding="UTF-8"?>
<!-- Generated by org.testng.reporters.JUnitReportReporter -->
<testsuite hostname="LAPTOP-QBOV2E4Q" failures="0" tests="1" name="Testcases.TC05_CheckoutOverview" time="0.084" errors="0" timestamp="2025-06-10T18:32:49 GST" skipped="0">
  <testcase classname="Testcases.TC05_CheckoutOverview" name="CheckoutOverview" time="0.084"/>
</testsuite> <!-- Testcases.TC05_CheckoutOverview -->
