<?xml version="1.0" encoding="UTF-8"?>
<!-- Generated by org.testng.reporters.JUnitReportReporter -->
<testsuite hostname="LAPTOP-QBOV2E4Q" failures="0" tests="1" name="Testcases.TC06_CheckOutComplete" time="0.035" errors="0" timestamp="2025-06-10T18:32:49 GST" skipped="0">
  <testcase classname="Testcases.TC06_CheckOutComplete" name="Check_ThanksMessage_Isavailable" time="0.035"/>
</testsuite> <!-- Testcases.TC06_CheckOutComplete -->
